e:\c源码\面试项目复习\加壳\stub\release\stub.pch
e:\c源码\面试项目复习\加壳\stub\release\vc141.pdb
e:\c源码\面试项目复习\加壳\stub\release\stdafx.obj
e:\c源码\面试项目复习\加壳\stub\release\stub.obj
e:\c源码\面试项目复习\加壳\stub\release\dllmain.obj
e:\c源码\面试项目复习\加壳\stub\release\stub.dll
e:\c源码\面试项目复习\加壳\stub\release\stub.pdb
e:\c源码\面试项目复习\加壳\stub\release\stub.lib
e:\c源码\面试项目复习\加壳\stub\release\stub.exp
e:\c源码\面试项目复习\加壳\stub\release\stub.ipdb
e:\c源码\面试项目复习\加壳\stub\release\stub.iobj
e:\c源码\面试项目复习\加壳 - 副本\stub\release\dllmain.obj
e:\c源码\面试项目复习\加壳 - 副本\stub\release\stdafx.obj
e:\c源码\面试项目复习\加壳 - 副本\stub\release\stub.obj
e:\c源码\面试项目复习\加壳 - 副本\stub\release\stub.ipdb
e:\c源码\面试项目复习\加壳 - 副本\stub\release\stub.iobj
e:\c源码\面试项目复习\加壳 - 副本\stub\release\stub.pch
e:\c源码\面试项目复习\加壳 - 副本\stub\release\stub.exp
e:\c源码\面试项目复习\加壳 - 副本\stub\release\stub.pdb
e:\c源码\面试项目复习\加壳 - 副本\stub\release\vc141.pdb
e:\c源码\面试项目复习\加壳 - 副本\stub\release\stub.dll
e:\c源码\面试项目复习\加壳 - 副本\stub\release\stub.tlog\cl.command.1.tlog
e:\c源码\面试项目复习\加壳 - 副本\stub\release\stub.tlog\cl.read.1.tlog
e:\c源码\面试项目复习\加壳 - 副本\stub\release\stub.tlog\cl.write.1.tlog
e:\c源码\面试项目复习\加壳 - 副本\stub\release\stub.tlog\link.command.1.tlog
e:\c源码\面试项目复习\加壳 - 副本\stub\release\stub.tlog\link.read.1.tlog
e:\c源码\面试项目复习\加壳 - 副本\stub\release\stub.tlog\link.write.1.tlog
e:\c源码\面试项目复习\加壳 - 副本\stub\release\stub.tlog\stub.write.1u.tlog
